

Working Directory = /home/vlsi_group09/1752160/work/synthesis_env/Genus_BoundFlasher/LAB1
QoS Summary for bound_flasher
==========================================================================================
Metric                          generic         map             syn_opt         final          
==========================================================================================
Slack (ps):                       -40               1               0               0
  R2R (ps):                       -40               1               0               0
  I2R (ps):                        -2               8               2               2
  R2O (ps):                        69             156             156             156
  I2O (ps):                  no_value        no_value        no_value        no_value
  CG  (ps):                  no_value        no_value        no_value        no_value
TNS (ps):                          65               0               0               0
  R2R (ps):                        65               0               0               0
  I2R (ps):                         2               0               0               0
  R2O (ps):                         0               0               0               0
  I2O (ps):                  no_value        no_value        no_value        no_value
  CG  (ps):                  no_value        no_value        no_value        no_value
Failing Paths:                      3               0               0               0
Cell Area:                        564             551             513             513
Total Cell Area:                  564             551             513             513
Leaf Instances:                   160             128             116             116
Total Instances:                  160             128             116             116
Utilization (%):                 0.00            0.00            0.00            0.00
Tot. Net Length (um):        no_value        no_value        no_value        no_value
Avg. Net Length (um):        no_value        no_value        no_value        no_value
Route Overflow H (%):        no_value        no_value        no_value        no_value
Route Overflow V (%):        no_value        no_value        no_value        no_value
MBCI(%) (bits/gate) :            0.00            0.00            0.00            0.00
Norm Cong Hotspot Area:
  Max Cong:                  no_value        no_value        no_value        no_value
  Tot Cong:                  no_value        no_value        no_value        no_value
==========================================================================================
CPU  Runtime (h:m:s):        00:00:08        00:00:06        00:00:02        00:00:00
Real Runtime (h:m:s):        00:00:14        00:00:06        00:00:02        00:00:00
CPU  Elapsed (h:m:s):        00:00:12        00:00:18        00:00:20        00:00:20
Real Elapsed (h:m:s):        00:00:15        00:00:21        00:00:23        00:00:23
Memory (MB):                  1055.46         1093.57         1055.56         1055.56
==========================================================================================
==========================================================================================
Flow Settings:
==========================================================================================
Total Runtime (h:m:s): 00:00:23
Total Memory (MB):     1055.56
Executable Version:    19.13-s073_1
==========================================================================================
Total Cell Area =  Cell Area + Physical Cell Area
Total Instances =  Leaf Instances + Physical Instances


