============================================================
  Generated by:           Genus(TM) Synthesis Solution 19.13-s073_1
  Generated on:           Jun 30 2021  04:23:16 pm
  Module:                 bound_flasher
  Technology libraries:   slow_1v0 
                          pll 0.0
                          CDK_S128x16 0.0
                          CDK_S256x16 0.0
                          CDK_R512x16 0.0
                          physical_cells 
  Operating conditions:   slow 
  Interconnect mode:      global
  Area mode:              physical library
============================================================

                                 Leakage  
   Gate     Instances   Area   Power (nW)   Library   
------------------------------------------------------
ADDHX1              1    3.762      0.181    slow_1v0 
AND2X1              1    1.368      0.056    slow_1v0 
AND2X4              1    2.736      0.178    slow_1v0 
AO22X1             12   32.832      0.942    slow_1v0 
AOI21X4             2   10.260      0.653    slow_1v0 
AOI22X4             1    6.156      0.386    slow_1v0 
AOI2BB1X4           1    4.104      0.268    slow_1v0 
AOI31X4             1    6.498      0.362    slow_1v0 
CLKAND2X12          1    7.524      0.638    slow_1v0 
CLKAND2X2           2    4.104      0.214    slow_1v0 
CLKAND2X3           2    6.156      0.345    slow_1v0 
CLKAND2X6           6   28.728      2.052    slow_1v0 
CLKINVX4            3    5.130      0.399    slow_1v0 
CLKINVX6            2    4.788      0.394    slow_1v0 
CLKINVX8            2    6.156      0.524    slow_1v0 
DFFRHQX1            1    6.156      0.292    slow_1v0 
DFFRHQX2            1    7.866      0.326    slow_1v0 
DFFRHQX4            5   47.880      2.246    slow_1v0 
DFFRHQX8            3   33.858      2.022    slow_1v0 
DFFRX2              2   15.048      0.712    slow_1v0 
DFFRX4              7   67.032      3.928    slow_1v0 
INVX1               1    0.684      0.033    slow_1v0 
INVX2               4    4.104      0.266    slow_1v0 
INVX3               2    2.736      0.199    slow_1v0 
NAND2X1             1    1.026      0.066    slow_1v0 
NAND2X2             4    6.840      0.528    slow_1v0 
NAND2X4             3    9.439      0.792    slow_1v0 
NAND2X6             8   36.526      3.168    slow_1v0 
NAND2X8             2   10.499      1.039    slow_1v0 
NAND3X4             1    4.788      0.392    slow_1v0 
NAND4X8             1   10.260      1.005    slow_1v0 
NOR2BX2             1    2.736      0.116    slow_1v0 
NOR2X2              2    3.420      0.194    slow_1v0 
NOR2X4              6   18.468      1.166    slow_1v0 
NOR2X6              6   24.624      1.752    slow_1v0 
NOR3X1              1    1.710      0.064    slow_1v0 
NOR3X4              2   10.260      0.511    slow_1v0 
NOR3X6              1    7.182      0.384    slow_1v0 
OA21X4              1    3.762      0.204    slow_1v0 
OAI21X2             3    9.234      0.488    slow_1v0 
OAI21X4             3   14.364      0.974    slow_1v0 
OAI221X4            1    7.866      0.514    slow_1v0 
OAI22X1             2    4.104      0.193    slow_1v0 
OAI2BB1X1           1    1.710      0.089    slow_1v0 
OAI2BB1X4           2    8.892      0.616    slow_1v0 
------------------------------------------------------
total             116  513.376     31.868             


                                          Leakage  Leakage 
     Type      Instances   Area  Area % Power (nW) Power % 
-----------------------------------------------------------
sequential            19 177.840   34.6      9.526    29.9 
inverter              14  23.598    4.6      1.815     5.7 
logic                 83 311.938   60.8     20.527    64.4 
physical_cells         0   0.000    0.0      0.000     0.0 
-----------------------------------------------------------
total                116 513.376  100.0     31.868   100.0 

